0 info it worked if it ends with ok
1 verbose cli [ 'node', '/usr/local/bin/npm', 'install', 'redis' ]
2 info using npm@1.4.28
3 info using node@v0.10.33
4 verbose readDependencies using package.json deps
5 verbose cache add [ 'redis', null ]
6 verbose cache add name=undefined spec="redis" args=["redis",null]
7 verbose parsed url { protocol: null,
7 verbose parsed url   slashes: null,
7 verbose parsed url   auth: null,
7 verbose parsed url   host: null,
7 verbose parsed url   port: null,
7 verbose parsed url   hostname: null,
7 verbose parsed url   hash: null,
7 verbose parsed url   search: null,
7 verbose parsed url   query: null,
7 verbose parsed url   pathname: 'redis',
7 verbose parsed url   path: 'redis',
7 verbose parsed url   href: 'redis' }
8 silly lockFile b840fc02-redis redis
9 verbose lock redis /Users/DangNguyen/.npm/b840fc02-redis.lock
10 silly lockFile b840fc02-redis redis
11 silly lockFile b840fc02-redis redis
12 verbose addNamed [ 'redis', '' ]
13 verbose addNamed [ null, '*' ]
14 silly lockFile fb3bbc27-redis redis@
15 verbose lock redis@ /Users/DangNguyen/.npm/fb3bbc27-redis.lock
16 silly addNameRange { name: 'redis', range: '*', hasData: false }
17 verbose request where is /redis
18 verbose request registry https://registry.npmjs.org/
19 verbose request id edc6640056797831
20 verbose url raw /redis
21 verbose url resolving [ 'https://registry.npmjs.org/', './redis' ]
22 verbose url resolved https://registry.npmjs.org/redis
23 verbose request where is https://registry.npmjs.org/redis
24 info trying registry request attempt 1 at 17:20:02
25 verbose etag "A8YSI60IRBVP8CON6A93DEICM"
26 http GET https://registry.npmjs.org/redis
27 http 200 https://registry.npmjs.org/redis
28 silly registry.get cb [ 200,
28 silly registry.get   { server: 'CouchDB/1.5.0 (Erlang OTP/R16B03)',
28 silly registry.get     etag: '"8JUQ0MRS5M7VZQOJEX900LVRW"',
28 silly registry.get     'content-type': 'application/json',
28 silly registry.get     'cache-control': 'max-age=60',
28 silly registry.get     'content-length': '87709',
28 silly registry.get     'accept-ranges': 'bytes',
28 silly registry.get     date: 'Mon, 18 May 2015 10:20:03 GMT',
28 silly registry.get     via: '1.1 varnish',
28 silly registry.get     age: '56',
28 silly registry.get     connection: 'keep-alive',
28 silly registry.get     'x-served-by': 'cache-hkg6826-HKG',
28 silly registry.get     'x-cache': 'HIT',
28 silly registry.get     'x-cache-hits': '1',
28 silly registry.get     'x-timer': 'S1431944403.171066,VS0,VE0',
28 silly registry.get     vary: 'Accept' } ]
29 silly addNameRange number 2 { name: 'redis', range: '*', hasData: true }
30 silly addNameRange versions [ 'redis',
30 silly addNameRange   [ '0.0.1',
30 silly addNameRange     '0.0.2',
30 silly addNameRange     '0.0.3',
30 silly addNameRange     '0.0.4',
30 silly addNameRange     '0.0.7',
30 silly addNameRange     '0.0.8',
30 silly addNameRange     '0.1.0',
30 silly addNameRange     '0.1.1',
30 silly addNameRange     '0.1.2',
30 silly addNameRange     '0.2.0',
30 silly addNameRange     '0.2.1',
30 silly addNameRange     '0.2.2',
30 silly addNameRange     '0.2.3',
30 silly addNameRange     '0.2.4',
30 silly addNameRange     '0.2.6',
30 silly addNameRange     '0.3.0',
30 silly addNameRange     '0.3.1',
30 silly addNameRange     '0.3.2',
30 silly addNameRange     '0.3.3',
30 silly addNameRange     '0.3.4',
30 silly addNameRange     '0.3.5',
30 silly addNameRange     '0.3.6',
30 silly addNameRange     '0.3.7',
30 silly addNameRange     '0.3.9',
30 silly addNameRange     '0.4.0',
30 silly addNameRange     '0.4.1',
30 silly addNameRange     '0.4.2',
30 silly addNameRange     '0.5.0',
30 silly addNameRange     '0.5.1',
30 silly addNameRange     '0.5.2',
30 silly addNameRange     '0.5.3',
30 silly addNameRange     '0.5.4',
30 silly addNameRange     '0.5.5',
30 silly addNameRange     '0.5.6',
30 silly addNameRange     '0.5.7',
30 silly addNameRange     '0.5.8',
30 silly addNameRange     '0.5.9',
30 silly addNameRange     '0.5.10',
30 silly addNameRange     '0.5.11',
30 silly addNameRange     '0.6.0',
30 silly addNameRange     '0.6.1',
30 silly addNameRange     '0.6.2',
30 silly addNameRange     '0.6.3',
30 silly addNameRange     '0.6.4',
30 silly addNameRange     '0.6.5',
30 silly addNameRange     '0.6.6',
30 silly addNameRange     '0.6.7',
30 silly addNameRange     '0.7.0',
30 silly addNameRange     '0.7.1',
30 silly addNameRange     '0.7.2',
30 silly addNameRange     '0.7.3',
30 silly addNameRange     '0.8.0',
30 silly addNameRange     '0.8.1',
30 silly addNameRange     '0.8.2',
30 silly addNameRange     '0.8.3',
30 silly addNameRange     '0.8.4',
30 silly addNameRange     '0.8.5',
30 silly addNameRange     '0.8.6',
30 silly addNameRange     '0.9.0',
30 silly addNameRange     '0.9.1',
30 silly addNameRange     '0.9.2',
30 silly addNameRange     '0.10.0',
30 silly addNameRange     '0.10.1',
30 silly addNameRange     '0.10.2',
30 silly addNameRange     '0.10.3',
30 silly addNameRange     '0.11.0',
30 silly addNameRange     '0.12.0',
30 silly addNameRange     '0.12.1' ] ]
31 verbose addNamed [ 'redis', '0.12.1' ]
32 verbose addNamed [ '0.12.1', '0.12.1' ]
33 silly lockFile 5ec46899-redis-0-12-1 redis@0.12.1
34 verbose lock redis@0.12.1 /Users/DangNguyen/.npm/5ec46899-redis-0-12-1.lock
35 silly lockFile 5db8178b-npmjs-org-redis-redis-0-12-1-tgz https://registry.npmjs.org/redis/-/redis-0.12.1.tgz
36 verbose lock https://registry.npmjs.org/redis/-/redis-0.12.1.tgz /Users/DangNguyen/.npm/5db8178b-npmjs-org-redis-redis-0-12-1-tgz.lock
37 verbose addRemoteTarball [ 'https://registry.npmjs.org/redis/-/redis-0.12.1.tgz',
37 verbose addRemoteTarball   '64df76ad0fc8acebaebd2a0645e8a48fac49185e' ]
38 info retry fetch attempt 1 at 17:20:03
39 verbose fetch to= /var/folders/01/m261tpxs38j30zz7bd9jy42h0000gn/T/npm-1488-ZV-m2dOb/registry.npmjs.org/redis/-/redis-0.12.1.tgz
40 http GET https://registry.npmjs.org/redis/-/redis-0.12.1.tgz
41 http 200 https://registry.npmjs.org/redis/-/redis-0.12.1.tgz
42 silly lockFile 5db8178b-npmjs-org-redis-redis-0-12-1-tgz https://registry.npmjs.org/redis/-/redis-0.12.1.tgz
43 silly lockFile 5db8178b-npmjs-org-redis-redis-0-12-1-tgz https://registry.npmjs.org/redis/-/redis-0.12.1.tgz
44 silly lockFile 5ec46899-redis-0-12-1 redis@0.12.1
45 silly lockFile 5ec46899-redis-0-12-1 redis@0.12.1
46 silly lockFile fb3bbc27-redis redis@
47 silly lockFile fb3bbc27-redis redis@
48 error Error: EACCES, mkdir '/Users/DangNguyen/.npm/redis/0.12.1'
48 error  { [Error: EACCES, mkdir '/Users/DangNguyen/.npm/redis/0.12.1']
48 error   errno: 3,
48 error   code: 'EACCES',
48 error   path: '/Users/DangNguyen/.npm/redis/0.12.1',
48 error   parent: 'DangNodeApp' }
49 error Please try running this command again as root/Administrator.
50 error System Darwin 14.3.0
51 error command "node" "/usr/local/bin/npm" "install" "redis"
52 error cwd /Users/DangNguyen/Documents/DangNodeApp
53 error node -v v0.10.33
54 error npm -v 1.4.28
55 error path /Users/DangNguyen/.npm/redis/0.12.1
56 error code EACCES
57 error errno 3
58 error stack Error: EACCES, mkdir '/Users/DangNguyen/.npm/redis/0.12.1'
59 verbose exit [ 3, true ]
